[debug] [2020-08-13T10:38:00.841Z] ----------------------------------------------------------------------
[debug] [2020-08-13T10:38:00.848Z] Command:       C:\Users\Tahir\nodejs\node.exe C:\Users\USER\AppData\Roaming\npm\node_modules\firebase-tools\lib\bin\firebase.js init
[debug] [2020-08-13T10:38:00.848Z] CLI Version:   8.7.0
[debug] [2020-08-13T10:38:00.848Z] Platform:      win32
[debug] [2020-08-13T10:38:00.849Z] Node Version:  v12.18.3
[debug] [2020-08-13T10:38:00.854Z] Time:          Thu Aug 13 2020 18:38:00 GMT+0800 (Singapore Standard Time)
[debug] [2020-08-13T10:38:00.855Z] ----------------------------------------------------------------------
[debug] [2020-08-13T10:38:00.855Z] 
[debug] [2020-08-13T10:38:00.912Z] > command requires scopes: ["email","openid","https://www.googleapis.com/auth/cloudplatformprojects.readonly","https://www.googleapis.com/auth/firebase","https://www.googleapis.com/auth/cloud-platform"]
[debug] [2020-08-13T10:38:00.913Z] > authorizing via signed-in user
[info] 
     ######## #### ########  ######## ########     ###     ######  ########
     ##        ##  ##     ## ##       ##     ##  ##   ##  ##       ##
     ######    ##  ########  ######   ########  #########  ######  ######
     ##        ##  ##    ##  ##       ##     ## ##     ##       ## ##
     ##       #### ##     ## ######## ########  ##     ##  ######  ########

You're about to initialize a Firebase project in this directory:

  C:\users\tahir\vanaassessment

Before we get started, keep in mind:

  * You are currently outside your home directory
  * You are initializing in an existing Firebase project directory

